<?xml version="1.0" encoding="UTF-8"?>
<!-- Generated by org.testng.reporters.JUnitXMLReporter -->
<testsuite ignored="0" hostname="DESKTOP-9B42UR3" failures="4" tests="10" name="Test" time="24.355" errors="0" timestamp="2025-08-08T18:29:05 IST">
  <testcase classname="api.test.DDTests" name="testPostuser" time="6.617"/>
  <testcase classname="api.test.DDTests" name="testPostuser" time="1.696"/>
  <testcase classname="api.test.DDTests" name="testPostuser" time="1.211"/>
  <testcase classname="api.test.DDTests" name="testPostuser" time="1.239"/>
  <testcase classname="api.test.DDTests" name="testPostuser" time="1.226"/>
  <testcase classname="api.test.DDTests" name="testDeleteuser" time="1.254"/>
  <testcase classname="api.test.DDTests" name="testDeleteuser" time="1.156">
    <failure type="java.lang.AssertionError" message="Validatating response code :Uname013 expected [200] but found [404]">
      <![CDATA[java.lang.AssertionError: Validatating response code :Uname013 expected [200] but found [404]
at api.test.DDTests.testDeleteuser(DDTests.java:109)
at java.base/java.util.ArrayList.forEach(ArrayList.java:1511)
... Removed 31 stack frames]]>
    </failure>
  </testcase> <!-- testDeleteuser -->
  <testcase classname="api.test.DDTests" name="testDeleteuser" time="1.197">
    <failure type="java.lang.AssertionError" message="Validatating response code :Uname014 expected [200] but found [404]">
      <![CDATA[java.lang.AssertionError: Validatating response code :Uname014 expected [200] but found [404]
at api.test.DDTests.testDeleteuser(DDTests.java:109)
at java.base/java.util.ArrayList.forEach(ArrayList.java:1511)
... Removed 31 stack frames]]>
    </failure>
  </testcase> <!-- testDeleteuser -->
  <testcase classname="api.test.DDTests" name="testDeleteuser" time="1.439">
    <failure type="java.lang.AssertionError" message="Validatating response code :Uname015 expected [200] but found [404]">
      <![CDATA[java.lang.AssertionError: Validatating response code :Uname015 expected [200] but found [404]
at api.test.DDTests.testDeleteuser(DDTests.java:109)
at java.base/java.util.ArrayList.forEach(ArrayList.java:1511)
... Removed 31 stack frames]]>
    </failure>
  </testcase> <!-- testDeleteuser -->
  <testcase classname="api.test.DDTests" name="testDeleteuser" time="1.621">
    <failure type="java.lang.AssertionError" message="Validatating response code :Uname016 expected [200] but found [404]">
      <![CDATA[java.lang.AssertionError: Validatating response code :Uname016 expected [200] but found [404]
at api.test.DDTests.testDeleteuser(DDTests.java:109)
at java.base/java.util.ArrayList.forEach(ArrayList.java:1511)
... Removed 31 stack frames]]>
    </failure>
  </testcase> <!-- testDeleteuser -->
</testsuite> <!-- Test -->
