<?xml version="1.0" encoding="UTF-8"?>
<!-- Generated by org.testng.reporters.JUnitXMLReporter -->
<testsuite ignored="0" hostname="DESKTOP-9B42UR3" failures="3" tests="10" name="Test" time="21.757" errors="0" timestamp="2025-08-10T12:03:22 IST">
  <testcase classname="api.test.DDTests" name="testPostuser" time="5.728"/>
  <testcase classname="api.test.DDTests" name="testPostuser" time="1.155"/>
  <testcase classname="api.test.DDTests" name="testPostuser" time="1.205"/>
  <testcase classname="api.test.DDTests" name="testPostuser" time="1.176"/>
  <testcase classname="api.test.DDTests" name="testPostuser" time="1.161"/>
  <testcase classname="api.test.DDTests" name="testDeleteuser" time="1.203"/>
  <testcase classname="api.test.DDTests" name="testDeleteuser" time="1.147">
    <failure type="java.lang.AssertionError" message="Validatating response code :Uname013 expected [200] but found [404]">
      <![CDATA[java.lang.AssertionError: Validatating response code :Uname013 expected [200] but found [404]
at api.test.DDTests.testDeleteuser(DDTests.java:109)
at java.base/java.util.ArrayList.forEach(ArrayList.java:1596)
... Removed 35 stack frames]]>
    </failure>
  </testcase> <!-- testDeleteuser -->
  <testcase classname="api.test.DDTests" name="testDeleteuser" time="1.176">
    <failure type="java.lang.AssertionError" message="Validatating response code :Uname014 expected [200] but found [404]">
      <![CDATA[java.lang.AssertionError: Validatating response code :Uname014 expected [200] but found [404]
at api.test.DDTests.testDeleteuser(DDTests.java:109)
at java.base/java.util.ArrayList.forEach(ArrayList.java:1596)
... Removed 35 stack frames]]>
    </failure>
  </testcase> <!-- testDeleteuser -->
  <testcase classname="api.test.DDTests" name="testDeleteuser" time="1.176">
    <failure type="java.lang.AssertionError" message="Validatating response code :Uname015 expected [200] but found [404]">
      <![CDATA[java.lang.AssertionError: Validatating response code :Uname015 expected [200] but found [404]
at api.test.DDTests.testDeleteuser(DDTests.java:109)
at java.base/java.util.ArrayList.forEach(ArrayList.java:1596)
... Removed 35 stack frames]]>
    </failure>
  </testcase> <!-- testDeleteuser -->
  <testcase classname="api.test.DDTests" name="testDeleteuser" time="1.131"/>
</testsuite> <!-- Test -->
